<?xml version="1.0" encoding="UTF-8"?>
<!-- Generated by org.testng.reporters.JUnitXMLReporter -->
<testsuite hostname="Pashas-MacBook-Pro.local" ignored="0" name="Default test" tests="3" failures="0" timestamp="11 Feb 2019 01:34:31 GMT" time="24.499" errors="0">
  <testcase name="aMainLogin" time="0.022" classname="page.sites.AmazonMainTest"/>
  <testcase name="cSearchItem" time="11.964" classname="page.sites.AmazonMainTest"/>
  <testcase name="dAddItem" time="2.13" classname="page.sites.AmazonMainTest"/>
</testsuite> <!-- Default test -->
